<?xml version="1.0" encoding="UTF-8"?>
<coverage generated="1424933305">
  <project timestamp="1424933305">
    <package name="Lucid\Module\Template">
      <file name="/Users/malcolm/www/dev/lucid/src/Lucid/Module/Template/AbstractPhpEngine.php">
        <class name="AbstractPhpEngine" namespace="Lucid\Module\Template" fullPackage="Lucid" package="Lucid">
          <metrics methods="14" coveredmethods="14" conditionals="0" coveredconditionals="0" statements="29" coveredstatements="29" elements="43" coveredelements="43"/>
        </class>
        <line num="74" type="method" name="__construct" crap="2" count="19"/>
        <line num="76" type="stmt" count="19"/>
        <line num="77" type="stmt" count="19"/>
        <line num="78" type="stmt" count="19"/>
        <line num="83" type="method" name="setManager" crap="1" count="2"/>
        <line num="85" type="stmt" count="2"/>
        <line num="86" type="stmt" count="2"/>
        <line num="91" type="method" name="getManager" crap="1" count="15"/>
        <line num="93" type="stmt" count="15"/>
        <line num="99" type="method" name="supports" crap="1" count="16"/>
        <line num="101" type="stmt" count="16"/>
        <line num="111" type="method" name="addType" crap="1" count="19"/>
        <line num="113" type="stmt" count="19"/>
        <line num="114" type="stmt" count="19"/>
        <line num="119" type="method" name="exists" crap="2" count="1"/>
        <line num="122" type="stmt" count="1"/>
        <line num="123" type="stmt" count="1"/>
        <line num="126" type="stmt" count="1"/>
        <line num="136" type="method" name="loadTemplate" crap="3" count="15"/>
        <line num="138" type="stmt" count="15"/>
        <line num="140" type="stmt" count="15"/>
        <line num="141" type="stmt" count="1"/>
        <line num="144" type="stmt" count="15"/>
        <line num="145" type="stmt" count="15"/>
        <line num="147" type="stmt" count="15"/>
        <line num="159" type="method" name="isLoaded" crap="1" count="15"/>
        <line num="161" type="stmt" count="15"/>
        <line num="171" type="method" name="getLoaded" crap="1" count="15"/>
        <line num="173" type="stmt" count="15"/>
        <line num="183" type="method" name="setLoaded" crap="1" count="15"/>
        <line num="185" type="stmt" count="15"/>
        <line num="186" type="stmt" count="15"/>
        <line num="193" type="method" name="getLoader" crap="1" count="15"/>
        <line num="195" type="stmt" count="15"/>
        <line num="205" type="method" name="findIdentity" crap="2" count="16"/>
        <line num="207" type="stmt" count="16"/>
        <line num="208" type="stmt" count="16"/>
        <line num="209" type="stmt" count="16"/>
        <line num="211" type="stmt" count="16"/>
        <line num="219" type="method" name="getTypes" crap="1" count="16"/>
        <line num="221" type="stmt" count="16"/>
        <line num="230" type="method" name="getIdentity" crap="1" count="16"/>
        <line num="232" type="stmt" count="16"/>
        <metrics loc="234" ncloc="113" classes="1" methods="14" coveredmethods="14" conditionals="0" coveredconditionals="0" statements="29" coveredstatements="29" elements="43" coveredelements="43"/>
      </file>
      <file name="/Users/malcolm/www/dev/lucid/src/Lucid/Module/Template/DelegatingEngine.php">
        <class name="DelegatingEngine" namespace="Lucid\Module\Template" fullPackage="Lucid" package="Lucid">
          <metrics methods="9" coveredmethods="9" conditionals="0" coveredconditionals="0" statements="29" coveredstatements="29" elements="38" coveredelements="38"/>
        </class>
        <line num="35" type="method" name="__construct" crap="1" count="7"/>
        <line num="37" type="stmt" count="7"/>
        <line num="38" type="stmt" count="7"/>
        <line num="47" type="method" name="setEngines" crap="2" count="7"/>
        <line num="49" type="stmt" count="7"/>
        <line num="51" type="stmt" count="7"/>
        <line num="52" type="stmt" count="6"/>
        <line num="53" type="stmt" count="7"/>
        <line num="54" type="stmt" count="7"/>
        <line num="63" type="method" name="addEngine" crap="1" count="6"/>
        <line num="65" type="stmt" count="6"/>
        <line num="66" type="stmt" count="6"/>
        <line num="71" type="method" name="render" crap="1" count="2"/>
        <line num="73" type="stmt" count="2"/>
        <line num="79" type="method" name="display" crap="2" count="2"/>
        <line num="81" type="stmt" count="2"/>
        <line num="82" type="stmt" count="1"/>
        <line num="83" type="stmt" count="1"/>
        <line num="84" type="stmt" count="1"/>
        <line num="86" type="stmt" count="1"/>
        <line num="91" type="method" name="supports" crap="2" count="2"/>
        <line num="93" type="stmt" count="2"/>
        <line num="94" type="stmt" count="2"/>
        <line num="97" type="stmt" count="1"/>
        <line num="103" type="method" name="exists" crap="2" count="1"/>
        <line num="105" type="stmt" count="1"/>
        <line num="106" type="stmt" count="1"/>
        <line num="109" type="stmt" count="1"/>
        <line num="119" type="method" name="resolveEngine" crap="3" count="6"/>
        <line num="121" type="stmt" count="6"/>
        <line num="122" type="stmt" count="6"/>
        <line num="123" type="stmt" count="4"/>
        <line num="125" type="stmt" count="4"/>
        <line num="127" type="stmt" count="3"/>
        <line num="130" type="method" name="getEngine" crap="2" count="4"/>
        <line num="132" type="stmt" count="4"/>
        <line num="133" type="stmt" count="2"/>
        <line num="136" type="stmt" count="2"/>
        <metrics loc="138" ncloc="80" classes="1" methods="9" coveredmethods="9" conditionals="0" coveredconditionals="0" statements="29" coveredstatements="29" elements="38" coveredelements="38"/>
      </file>
      <file name="/Users/malcolm/www/dev/lucid/src/Lucid/Module/Template/Engine.php">
        <class name="Engine" namespace="Lucid\Module\Template" fullPackage="Lucid" package="Lucid">
          <metrics methods="30" coveredmethods="30" conditionals="0" coveredconditionals="0" statements="127" coveredstatements="127" elements="157" coveredelements="157"/>
        </class>
        <line num="107" type="method" name="__construct" crap="1" count="19"/>
        <line num="109" type="stmt" count="19"/>
        <line num="110" type="stmt" count="19"/>
        <line num="111" type="stmt" count="19"/>
        <line num="112" type="stmt" count="19"/>
        <line num="113" type="stmt" count="19"/>
        <line num="115" type="stmt" count="19"/>
        <line num="116" type="stmt" count="19"/>
        <line num="118" type="stmt" count="19"/>
        <line num="127" type="method" name="setEncoding" crap="1" count="19"/>
        <line num="129" type="stmt" count="19"/>
        <line num="130" type="stmt" count="19"/>
        <line num="139" type="method" name="setGlobals" crap="1" count="1"/>
        <line num="141" type="stmt" count="1"/>
        <line num="142" type="stmt" count="1"/>
        <line num="152" type="method" name="addGlobal" crap="1" count="1"/>
        <line num="154" type="stmt" count="1"/>
        <line num="155" type="stmt" count="1"/>
        <line num="162" type="method" name="getGlobals" crap="1" count="1"/>
        <line num="164" type="stmt" count="1"/>
        <line num="174" type="method" name="registerExtension" crap="2" count="2"/>
        <line num="176" type="stmt" count="2"/>
        <line num="178" type="stmt" count="2"/>
        <line num="179" type="stmt" count="2"/>
        <line num="180" type="stmt" count="2"/>
        <line num="181" type="stmt" count="2"/>
        <line num="190" type="method" name="removeExtension" crap="2" count="1"/>
        <line num="192" type="stmt" count="1"/>
        <line num="193" type="stmt" count="1"/>
        <line num="194" type="stmt" count="1"/>
        <line num="195" type="stmt" count="1"/>
        <line num="202" type="method" name="render" crap="3" count="14"/>
        <line num="204" type="stmt" count="14"/>
        <line num="206" type="stmt" count="14"/>
        <line num="207" type="stmt" count="14"/>
        <line num="208" type="stmt" count="14"/>
        <line num="209" type="stmt" count="14"/>
        <line num="211" type="stmt" count="14"/>
        <line num="213" type="stmt" count="14"/>
        <line num="214" type="stmt" count="1"/>
        <line num="217" type="stmt" count="14"/>
        <line num="219" type="stmt" count="14"/>
        <line num="221" type="stmt" count="14"/>
        <line num="223" type="stmt" count="11"/>
        <line num="224" type="stmt" count="2"/>
        <line num="225" type="stmt" count="1"/>
        <line num="227" type="stmt" count="10"/>
        <line num="229" type="stmt" count="10"/>
        <line num="231" type="stmt" count="10"/>
        <line num="237" type="method" name="display" crap="1" count="1"/>
        <line num="239" type="stmt" count="1"/>
        <line num="240" type="stmt" count="1"/>
        <line num="250" type="method" name="insert" crap="1" count="2"/>
        <line num="252" type="stmt" count="2"/>
        <line num="254" type="stmt" count="2"/>
        <line num="264" type="method" name="extend" crap="1" count="2"/>
        <line num="266" type="stmt" count="2"/>
        <line num="272" type="stmt" count="2"/>
        <line num="273" type="stmt" count="2"/>
        <line num="280" type="method" name="hasParent" crap="1" count="1"/>
        <line num="282" type="stmt" count="1"/>
        <line num="284" type="stmt" count="1"/>
        <line num="295" type="method" name="getParameters" crap="3" count="14"/>
        <line num="297" type="stmt" count="14"/>
        <line num="298" type="stmt" count="1"/>
        <line num="300" type="stmt" count="1"/>
        <line num="301" type="stmt" count="1"/>
        <line num="302" type="stmt" count="1"/>
        <line num="303" type="stmt" count="1"/>
        <line num="305" type="stmt" count="14"/>
        <line num="315" type="method" name="section" crap="2" count="1"/>
        <line num="317" type="stmt" count="1"/>
        <line num="318" type="stmt" count="1"/>
        <line num="319" type="stmt" count="1"/>
        <line num="320" type="stmt" count="1"/>
        <line num="321" type="stmt" count="1"/>
        <line num="324" type="stmt" count="1"/>
        <line num="326" type="stmt" count="1"/>
        <line num="327" type="stmt" count="1"/>
        <line num="334" type="method" name="endsection" crap="2" count="2"/>
        <line num="336" type="stmt" count="2"/>
        <line num="337" type="stmt" count="1"/>
        <line num="339" type="stmt" count="1"/>
        <line num="340" type="stmt" count="1"/>
        <line num="343" type="stmt" count="1"/>
        <line num="344" type="stmt" count="1"/>
        <line num="346" type="stmt" count="1"/>
        <line num="354" type="method" name="getCurrent" crap="1" count="14"/>
        <line num="356" type="stmt" count="14"/>
        <line num="374" type="method" name="getLastSection" crap="2" count="2"/>
        <line num="376" type="stmt" count="2"/>
        <line num="377" type="stmt" count="1"/>
        <line num="380" type="stmt" count="1"/>
        <line num="381" type="stmt" count="1"/>
        <line num="383" type="stmt" count="1"/>
        <line num="394" type="method" name="registerFunction" crap="1" count="2"/>
        <line num="396" type="stmt" count="2"/>
        <line num="397" type="stmt" count="2"/>
        <line num="404" type="method" name="func" crap="4" count="3"/>
        <line num="406" type="stmt" count="3"/>
        <line num="407" type="stmt" count="3"/>
        <line num="408" type="stmt" count="3"/>
        <line num="410" type="stmt" count="3"/>
        <line num="411" type="stmt" count="3"/>
        <line num="412" type="stmt" count="2"/>
        <line num="415" type="stmt" count="2"/>
        <line num="417" type="stmt" count="2"/>
        <line num="418" type="stmt" count="2"/>
        <line num="419" type="stmt" count="2"/>
        <line num="421" type="stmt" count="2"/>
        <line num="422" type="stmt" count="2"/>
        <line num="424" type="stmt" count="2"/>
        <line num="434" type="method" name="escape" crap="1" count="2"/>
        <line num="436" type="stmt" count="2"/>
        <line num="445" type="method" name="doRender" crap="5" count="14"/>
        <line num="447" type="stmt" count="14"/>
        <line num="449" type="stmt" count="14"/>
        <line num="452" type="stmt" count="14"/>
        <line num="453" type="stmt" count="10"/>
        <line num="454" type="stmt" count="11"/>
        <line num="455" type="stmt" count="1"/>
        <line num="456" type="stmt" count="1"/>
        <line num="458" type="stmt" count="14"/>
        <line num="459" type="stmt" count="4"/>
        <line num="461" type="stmt" count="4"/>
        <line num="462" type="stmt" count="1"/>
        <line num="465" type="stmt" count="3"/>
        <line num="468" type="stmt" count="11"/>
        <line num="479" type="method" name="displayFile" crap="1" count="10"/>
        <line num="481" type="stmt" count="10"/>
        <line num="482" type="stmt" count="10"/>
        <line num="483" type="stmt" count="7"/>
        <line num="493" type="method" name="displayString" crap="1" count="1"/>
        <line num="495" type="stmt" count="1"/>
        <line num="496" type="stmt" count="1"/>
        <line num="497" type="stmt" count="1"/>
        <line num="504" type="method" name="getProxy" crap="2" count="14"/>
        <line num="506" type="stmt" count="14"/>
        <line num="514" type="method" name="getEncoding" crap="2" count="2"/>
        <line num="516" type="stmt" count="2"/>
        <line num="526" type="method" name="mergeShared" crap="1" count="14"/>
        <line num="528" type="stmt" count="14"/>
        <line num="530" type="stmt" count="14"/>
        <line num="538" type="method" name="startErrorHandling" crap="1" count="14"/>
        <line num="540" type="stmt" count="14"/>
        <line num="541" type="stmt" count="14"/>
        <line num="548" type="method" name="getErrFunc" crap="2" count="14"/>
        <line num="550" type="stmt" count="14"/>
        <line num="551" type="method" name="anonymous function" crap="1" count="1"/>
        <line num="552" type="stmt" count="1"/>
        <line num="553" type="stmt" count="1"/>
        <line num="555" type="stmt" count="14"/>
        <line num="557" type="stmt" count="14"/>
        <line num="565" type="method" name="stopErrorHandling" crap="2" count="11"/>
        <line num="567" type="stmt" count="11"/>
        <line num="568" type="stmt" count="11"/>
        <line num="569" type="stmt" count="11"/>
        <line num="571" type="stmt" count="11"/>
        <line num="572" type="stmt" count="11"/>
        <metrics loc="573" ncloc="309" classes="1" methods="30" coveredmethods="30" conditionals="0" coveredconditionals="0" statements="129" coveredstatements="129" elements="159" coveredelements="159"/>
      </file>
      <file name="/Users/malcolm/www/dev/lucid/src/Lucid/Module/Template/Identity.php">
        <class name="Identity" namespace="Lucid\Module\Template" fullPackage="Lucid" package="Lucid">
          <metrics methods="4" coveredmethods="4" conditionals="0" coveredconditionals="0" statements="6" coveredstatements="6" elements="10" coveredelements="10"/>
        </class>
        <line num="48" type="method" name="__construct" crap="1" count="18"/>
        <line num="50" type="stmt" count="18"/>
        <line num="51" type="stmt" count="18"/>
        <line num="52" type="stmt" count="18"/>
        <line num="57" type="method" name="getName" crap="1" count="16"/>
        <line num="59" type="stmt" count="16"/>
        <line num="65" type="method" name="getType" crap="1" count="17"/>
        <line num="67" type="stmt" count="17"/>
        <line num="73" type="method" name="__toString" crap="1" count="14"/>
        <line num="75" type="stmt" count="14"/>
        <metrics loc="77" ncloc="35" classes="1" methods="4" coveredmethods="4" conditionals="0" coveredconditionals="0" statements="6" coveredstatements="6" elements="10" coveredelements="10"/>
      </file>
      <file name="/Users/malcolm/www/dev/lucid/src/Lucid/Module/Template/IdentityParser.php">
        <class name="IdentityParser" namespace="Lucid\Module\Template" fullPackage="Lucid" package="Lucid">
          <metrics methods="1" coveredmethods="1" conditionals="0" coveredconditionals="0" statements="11" coveredstatements="11" elements="12" coveredelements="12"/>
        </class>
        <line num="33" type="method" name="identify" crap="4" count="17"/>
        <line num="35" type="stmt" count="17"/>
        <line num="36" type="stmt" count="1"/>
        <line num="39" type="stmt" count="16"/>
        <line num="41" type="stmt" count="16"/>
        <line num="43" type="stmt" count="16"/>
        <line num="45" type="stmt" count="16"/>
        <line num="46" type="stmt" count="16"/>
        <line num="47" type="stmt" count="16"/>
        <line num="49" type="stmt" count="16"/>
        <line num="50" type="stmt" count="16"/>
        <line num="52" type="stmt" count="16"/>
        <metrics loc="54" ncloc="31" classes="1" methods="1" coveredmethods="1" conditionals="0" coveredconditionals="0" statements="11" coveredstatements="11" elements="12" coveredelements="12"/>
      </file>
      <file name="/Users/malcolm/www/dev/lucid/src/Lucid/Module/Template/RenderEngineDecorator.php">
        <class name="RenderEngineDecorator" namespace="Lucid\Module\Template" fullPackage="Lucid" package="Lucid">
          <metrics methods="7" coveredmethods="7" conditionals="0" coveredconditionals="0" statements="8" coveredstatements="8" elements="15" coveredelements="15"/>
        </class>
        <line num="25" type="method" name="__construct" crap="1" count="21"/>
        <line num="27" type="stmt" count="21"/>
        <line num="28" type="stmt" count="21"/>
        <line num="33" type="method" name="extend" crap="1" count="3"/>
        <line num="35" type="stmt" count="3"/>
        <line num="41" type="method" name="section" crap="1" count="2"/>
        <line num="43" type="stmt" count="2"/>
        <line num="49" type="method" name="endsection" crap="1" count="3"/>
        <line num="51" type="stmt" count="3"/>
        <line num="57" type="method" name="insert" crap="1" count="3"/>
        <line num="59" type="stmt" count="3"/>
        <line num="65" type="method" name="func" crap="1" count="1"/>
        <line num="67" type="stmt" count="1"/>
        <line num="73" type="method" name="escape" crap="1" count="1"/>
        <line num="75" type="stmt" count="1"/>
        <metrics loc="77" ncloc="44" classes="1" methods="7" coveredmethods="7" conditionals="0" coveredconditionals="0" statements="8" coveredstatements="8" elements="15" coveredelements="15"/>
      </file>
      <file name="/Users/malcolm/www/dev/lucid/src/Lucid/Module/Template/Section.php">
        <class name="Section" namespace="Lucid\Module\Template" fullPackage="Lucid" package="Lucid">
          <metrics methods="4" coveredmethods="4" conditionals="0" coveredconditionals="0" statements="12" coveredstatements="12" elements="16" coveredelements="16"/>
        </class>
        <line num="35" type="method" name="start" crap="1" count="6"/>
        <line num="37" type="stmt" count="6"/>
        <line num="38" type="stmt" count="6"/>
        <line num="39" type="stmt" count="6"/>
        <line num="46" type="method" name="stop" crap="1" count="6"/>
        <line num="48" type="stmt" count="6"/>
        <line num="49" type="stmt" count="6"/>
        <line num="56" type="method" name="reset" crap="1" count="2"/>
        <line num="58" type="stmt" count="2"/>
        <line num="59" type="stmt" count="2"/>
        <line num="70" type="method" name="getContent" crap="4" count="6"/>
        <line num="72" type="stmt" count="6"/>
        <line num="73" type="stmt" count="3"/>
        <line num="76" type="stmt" count="3"/>
        <line num="77" type="stmt" count="2"/>
        <line num="80" type="stmt" count="1"/>
        <metrics loc="82" ncloc="38" classes="1" methods="4" coveredmethods="4" conditionals="0" coveredconditionals="0" statements="12" coveredstatements="12" elements="16" coveredelements="16"/>
      </file>
      <file name="/Users/malcolm/www/dev/lucid/src/Lucid/Module/Template/View.php">
        <class name="View" namespace="Lucid\Module\Template" fullPackage="Lucid" package="Lucid">
          <metrics methods="14" coveredmethods="14" conditionals="0" coveredconditionals="0" statements="44" coveredstatements="44" elements="58" coveredelements="58"/>
        </class>
        <line num="61" type="method" name="__construct" crap="1" count="10"/>
        <line num="63" type="stmt" count="10"/>
        <line num="64" type="stmt" count="10"/>
        <line num="65" type="stmt" count="10"/>
        <line num="67" type="stmt" count="10"/>
        <line num="68" type="stmt" count="10"/>
        <line num="77" type="method" name="setListeners" crap="2" count="10"/>
        <line num="79" type="stmt" count="10"/>
        <line num="81" type="stmt" count="10"/>
        <line num="82" type="stmt" count="1"/>
        <line num="83" type="stmt" count="10"/>
        <line num="84" type="stmt" count="10"/>
        <line num="94" type="method" name="addListener" crap="1" count="2"/>
        <line num="96" type="stmt" count="2"/>
        <line num="97" type="stmt" count="2"/>
        <line num="102" type="method" name="flushData" crap="2" count="1"/>
        <line num="104" type="stmt" count="1"/>
        <line num="105" type="stmt" count="1"/>
        <line num="108" type="stmt" count="1"/>
        <line num="110" type="stmt" count="1"/>
        <line num="112" type="stmt" count="1"/>
        <line num="122" type="method" name="setGlobals" crap="1" count="1"/>
        <line num="124" type="stmt" count="1"/>
        <line num="125" type="stmt" count="1"/>
        <line num="134" type="method" name="addGlobals" crap="1" count="1"/>
        <line num="136" type="stmt" count="1"/>
        <line num="137" type="stmt" count="1"/>
        <line num="147" type="method" name="addGlobal" crap="1" count="1"/>
        <line num="149" type="stmt" count="1"/>
        <line num="150" type="stmt" count="1"/>
        <line num="155" type="method" name="notifyListeners" crap="2" count="2"/>
        <line num="157" type="stmt" count="2"/>
        <line num="158" type="stmt" count="1"/>
        <line num="161" type="stmt" count="2"/>
        <line num="162" type="stmt" count="2"/>
        <line num="167" type="method" name="render" crap="1" count="1"/>
        <line num="169" type="stmt" count="1"/>
        <line num="175" type="method" name="display" crap="2" count="2"/>
        <line num="177" type="stmt" count="2"/>
        <line num="178" type="stmt" count="1"/>
        <line num="179" type="stmt" count="1"/>
        <line num="180" type="stmt" count="1"/>
        <line num="182" type="stmt" count="2"/>
        <line num="187" type="method" name="supports" crap="1" count="1"/>
        <line num="189" type="stmt" count="1"/>
        <line num="198" type="method" name="getEngineForTemplate" crap="3" count="7"/>
        <line num="200" type="stmt" count="7"/>
        <line num="201" type="stmt" count="1"/>
        <line num="204" type="stmt" count="6"/>
        <line num="205" type="stmt" count="5"/>
        <line num="208" type="stmt" count="1"/>
        <line num="218" type="method" name="getParameters" crap="2" count="3"/>
        <line num="220" type="stmt" count="3"/>
        <line num="230" type="method" name="prepareEngine" crap="3" count="6"/>
        <line num="232" type="stmt" count="6"/>
        <line num="233" type="stmt" count="1"/>
        <line num="234" type="stmt" count="1"/>
        <line num="236" type="stmt" count="6"/>
        <metrics loc="238" ncloc="125" classes="1" methods="14" coveredmethods="14" conditionals="0" coveredconditionals="0" statements="44" coveredstatements="44" elements="58" coveredelements="58"/>
      </file>
    </package>
    <package name="Lucid\Module\Template\Data">
      <file name="/Users/malcolm/www/dev/lucid/src/Lucid/Module/Template/Data/Data.php">
        <class name="Data" namespace="Lucid\Module\Template\Data" fullPackage="Lucid" package="Lucid">
          <metrics methods="6" coveredmethods="6" conditionals="0" coveredconditionals="0" statements="20" coveredstatements="20" elements="26" coveredelements="26"/>
        </class>
        <line num="25" type="method" name="__construct" crap="1" count="8"/>
        <line num="27" type="stmt" count="8"/>
        <line num="28" type="stmt" count="8"/>
        <line num="29" type="stmt" count="8"/>
        <line num="31" type="method" name="get" crap="2" count="1"/>
        <line num="33" type="stmt" count="1"/>
        <line num="36" type="method" name="all" crap="2" count="4"/>
        <line num="38" type="stmt" count="4"/>
        <line num="39" type="stmt" count="1"/>
        <line num="42" type="stmt" count="3"/>
        <line num="52" type="method" name="set" crap="2" count="4"/>
        <line num="54" type="stmt" count="4"/>
        <line num="55" type="stmt" count="4"/>
        <line num="57" type="stmt" count="4"/>
        <line num="58" type="stmt" count="4"/>
        <line num="59" type="stmt" count="4"/>
        <line num="60" type="stmt" count="4"/>
        <line num="69" type="method" name="replace" crap="1" count="1"/>
        <line num="71" type="stmt" count="1"/>
        <line num="72" type="stmt" count="1"/>
        <line num="73" type="stmt" count="1"/>
        <line num="83" type="method" name="add" crap="2" count="6"/>
        <line num="85" type="stmt" count="6"/>
        <line num="86" type="stmt" count="1"/>
        <line num="89" type="stmt" count="5"/>
        <line num="90" type="stmt" count="5"/>
        <metrics loc="91" ncloc="54" classes="1" methods="6" coveredmethods="6" conditionals="0" coveredconditionals="0" statements="20" coveredstatements="20" elements="26" coveredelements="26"/>
      </file>
    </package>
    <file name="/Users/malcolm/www/dev/lucid/src/Lucid/Module/Template/Data/TemplateDataInterface.php">
      <metrics loc="56" ncloc="15" classes="0" methods="0" coveredmethods="0" conditionals="0" coveredconditionals="0" statements="0" coveredstatements="0" elements="0" coveredelements="0"/>
    </file>
    <file name="/Users/malcolm/www/dev/lucid/src/Lucid/Module/Template/DisplayInterface.php">
      <metrics loc="32" ncloc="9" classes="0" methods="0" coveredmethods="0" conditionals="0" coveredconditionals="0" statements="0" coveredstatements="0" elements="0" coveredelements="0"/>
    </file>
    <file name="/Users/malcolm/www/dev/lucid/src/Lucid/Module/Template/EngineInterface.php">
      <metrics loc="40" ncloc="11" classes="0" methods="0" coveredmethods="0" conditionals="0" coveredconditionals="0" statements="0" coveredstatements="0" elements="0" coveredelements="0"/>
    </file>
    <package name="Lucid\Module\Template\Exception">
      <file name="/Users/malcolm/www/dev/lucid/src/Lucid/Module/Template/Exception/LoaderException.php">
        <class name="LoaderException" namespace="Lucid\Module\Template\Exception" fullPackage="Lucid" package="Lucid">
          <metrics methods="2" coveredmethods="2" conditionals="0" coveredconditionals="0" statements="3" coveredstatements="3" elements="5" coveredelements="5"/>
        </class>
        <line num="32" type="method" name="__construct" crap="1" count="2"/>
        <line num="34" type="stmt" count="2"/>
        <line num="35" type="stmt" count="2"/>
        <line num="37" type="method" name="templateNotFound" crap="1" count="2"/>
        <line num="39" type="stmt" count="2"/>
        <metrics loc="41" ncloc="19" classes="1" methods="2" coveredmethods="2" conditionals="0" coveredconditionals="0" statements="3" coveredstatements="3" elements="5" coveredelements="5"/>
      </file>
      <file name="/Users/malcolm/www/dev/lucid/src/Lucid/Module/Template/Exception/RenderException.php">
        <class name="RenderException" namespace="Lucid\Module\Template\Exception" fullPackage="Lucid" package="Lucid">
          <metrics methods="2" coveredmethods="1" conditionals="0" coveredconditionals="0" statements="3" coveredstatements="2" elements="5" coveredelements="3"/>
        </class>
        <line num="30" type="method" name="__construct" crap="1" count="5"/>
        <line num="32" type="stmt" count="5"/>
        <line num="33" type="stmt" count="5"/>
        <line num="35" type="method" name="invalidParameter" crap="2" count="0"/>
        <line num="37" type="stmt" count="0"/>
        <metrics loc="39" ncloc="17" classes="1" methods="2" coveredmethods="1" conditionals="0" coveredconditionals="0" statements="3" coveredstatements="2" elements="5" coveredelements="3"/>
      </file>
    </package>
    <file name="/Users/malcolm/www/dev/lucid/src/Lucid/Module/Template/Exception/TemplateException.php">
      <metrics loc="23" ncloc="8" classes="0" methods="0" coveredmethods="0" conditionals="0" coveredconditionals="0" statements="0" coveredstatements="0" elements="0" coveredelements="0"/>
    </file>
    <file name="/Users/malcolm/www/dev/lucid/src/Lucid/Module/Template/Extension/ExtensionInterface.php">
      <metrics loc="49" ncloc="15" classes="0" methods="0" coveredmethods="0" conditionals="0" coveredconditionals="0" statements="0" coveredstatements="0" elements="0" coveredelements="0"/>
    </file>
    <file name="/Users/malcolm/www/dev/lucid/src/Lucid/Module/Template/Extension/FunctionInterface.php">
      <metrics loc="74" ncloc="22" classes="0" methods="0" coveredmethods="0" conditionals="0" coveredconditionals="0" statements="0" coveredstatements="0" elements="0" coveredelements="0"/>
    </file>
    <file name="/Users/malcolm/www/dev/lucid/src/Lucid/Module/Template/IdentityInterface.php">
      <metrics loc="45" ncloc="15" classes="0" methods="0" coveredmethods="0" conditionals="0" coveredconditionals="0" statements="0" coveredstatements="0" elements="0" coveredelements="0"/>
    </file>
    <file name="/Users/malcolm/www/dev/lucid/src/Lucid/Module/Template/IdentityParserInterface.php">
      <metrics loc="31" ncloc="9" classes="0" methods="0" coveredmethods="0" conditionals="0" coveredconditionals="0" statements="0" coveredstatements="0" elements="0" coveredelements="0"/>
    </file>
    <file name="/Users/malcolm/www/dev/lucid/src/Lucid/Module/Template/Listener/ListenerInterface.php">
      <metrics loc="33" ncloc="11" classes="0" methods="0" coveredmethods="0" conditionals="0" coveredconditionals="0" statements="0" coveredstatements="0" elements="0" coveredelements="0"/>
    </file>
    <package name="Lucid\Module\Template\Loader">
      <file name="/Users/malcolm/www/dev/lucid/src/Lucid/Module/Template/Loader/FilesystemLoader.php">
        <class name="FilesystemLoader" namespace="Lucid\Module\Template\Loader" fullPackage="Lucid" package="Lucid">
          <metrics methods="4" coveredmethods="4" conditionals="0" coveredconditionals="0" statements="18" coveredstatements="18" elements="22" coveredelements="22"/>
        </class>
        <line num="36" type="method" name="__construct" crap="2" count="16"/>
        <line num="38" type="stmt" count="16"/>
        <line num="39" type="stmt" count="16"/>
        <line num="40" type="stmt" count="16"/>
        <line num="45" type="method" name="load" crap="3" count="15"/>
        <line num="47" type="stmt" count="15"/>
        <line num="48" type="stmt" count="2"/>
        <line num="51" type="stmt" count="15"/>
        <line num="52" type="stmt" count="2"/>
        <line num="55" type="stmt" count="14"/>
        <line num="61" type="method" name="isValid" crap="2" count="1"/>
        <line num="64" type="stmt" count="1"/>
        <line num="65" type="stmt" count="1"/>
        <line num="68" type="stmt" count="1"/>
        <line num="78" type="method" name="findTemplateInPaths" crap="4" count="15"/>
        <line num="80" type="stmt" count="15"/>
        <line num="81" type="stmt" count="1"/>
        <line num="84" type="stmt" count="14"/>
        <line num="85" type="stmt" count="14"/>
        <line num="86" type="stmt" count="13"/>
        <line num="88" type="stmt" count="2"/>
        <line num="90" type="stmt" count="2"/>
        <metrics loc="92" ncloc="59" classes="1" methods="4" coveredmethods="4" conditionals="0" coveredconditionals="0" statements="18" coveredstatements="18" elements="22" coveredelements="22"/>
      </file>
    </package>
    <file name="/Users/malcolm/www/dev/lucid/src/Lucid/Module/Template/Loader/LoaderInterface.php">
      <metrics loc="42" ncloc="13" classes="0" methods="0" coveredmethods="0" conditionals="0" coveredconditionals="0" statements="0" coveredstatements="0" elements="0" coveredelements="0"/>
    </file>
    <file name="/Users/malcolm/www/dev/lucid/src/Lucid/Module/Template/PhpRenderInterface.php">
      <metrics loc="73" ncloc="19" classes="0" methods="0" coveredmethods="0" conditionals="0" coveredconditionals="0" statements="0" coveredstatements="0" elements="0" coveredelements="0"/>
    </file>
    <file name="/Users/malcolm/www/dev/lucid/src/Lucid/Module/Template/RenderInterface.php">
      <metrics loc="32" ncloc="9" classes="0" methods="0" coveredmethods="0" conditionals="0" coveredconditionals="0" statements="0" coveredstatements="0" elements="0" coveredelements="0"/>
    </file>
    <package name="Lucid\Module\Template\Resource">
      <file name="/Users/malcolm/www/dev/lucid/src/Lucid/Module/Template/Resource/AbstractResource.php">
        <class name="AbstractResource" namespace="Lucid\Module\Template\Resource" fullPackage="Lucid" package="Lucid">
          <metrics methods="1" coveredmethods="1" conditionals="0" coveredconditionals="0" statements="1" coveredstatements="1" elements="2" coveredelements="2"/>
        </class>
        <line num="30" type="method" name="getHash" crap="2" count="11"/>
        <line num="32" type="stmt" count="11"/>
        <metrics loc="34" ncloc="14" classes="1" methods="1" coveredmethods="1" conditionals="0" coveredconditionals="0" statements="1" coveredstatements="1" elements="2" coveredelements="2"/>
      </file>
      <file name="/Users/malcolm/www/dev/lucid/src/Lucid/Module/Template/Resource/FileResource.php">
        <class name="FileResource" namespace="Lucid\Module\Template\Resource" fullPackage="Lucid" package="Lucid">
          <metrics methods="3" coveredmethods="3" conditionals="0" coveredconditionals="0" statements="4" coveredstatements="4" elements="7" coveredelements="7"/>
        </class>
        <line num="35" type="method" name="__construct" crap="1" count="17"/>
        <line num="37" type="stmt" count="17"/>
        <line num="38" type="stmt" count="17"/>
        <line num="43" type="method" name="getResource" crap="1" count="12"/>
        <line num="45" type="stmt" count="12"/>
        <line num="51" type="method" name="getContents" crap="1" count="1"/>
        <line num="53" type="stmt" count="1"/>
        <metrics loc="55" ncloc="24" classes="1" methods="3" coveredmethods="3" conditionals="0" coveredconditionals="0" statements="4" coveredstatements="4" elements="7" coveredelements="7"/>
      </file>
      <file name="/Users/malcolm/www/dev/lucid/src/Lucid/Module/Template/Resource/StringResource.php">
        <class name="StringResource" namespace="Lucid\Module\Template\Resource" fullPackage="Lucid" package="Lucid">
          <metrics methods="3" coveredmethods="3" conditionals="0" coveredconditionals="0" statements="4" coveredstatements="4" elements="7" coveredelements="7"/>
        </class>
        <line num="30" type="method" name="__construct" crap="1" count="4"/>
        <line num="32" type="stmt" count="4"/>
        <line num="33" type="stmt" count="4"/>
        <line num="38" type="method" name="getResource" crap="1" count="1"/>
        <line num="40" type="stmt" count="1"/>
        <line num="46" type="method" name="getContents" crap="1" count="2"/>
        <line num="48" type="stmt" count="2"/>
        <metrics loc="50" ncloc="24" classes="1" methods="3" coveredmethods="3" conditionals="0" coveredconditionals="0" statements="4" coveredstatements="4" elements="7" coveredelements="7"/>
      </file>
    </package>
    <file name="/Users/malcolm/www/dev/lucid/src/Lucid/Module/Template/Resource/ResourceInterface.php">
      <metrics loc="33" ncloc="13" classes="0" methods="0" coveredmethods="0" conditionals="0" coveredconditionals="0" statements="0" coveredstatements="0" elements="0" coveredelements="0"/>
    </file>
    <file name="/Users/malcolm/www/dev/lucid/src/Lucid/Module/Template/ViewAwareInterface.php">
      <metrics loc="38" ncloc="11" classes="0" methods="0" coveredmethods="0" conditionals="0" coveredconditionals="0" statements="0" coveredstatements="0" elements="0" coveredelements="0"/>
    </file>
    <file name="/Users/malcolm/www/dev/lucid/src/Lucid/Module/Template/ViewManagerInterface.php">
      <metrics loc="58" ncloc="15" classes="0" methods="0" coveredmethods="0" conditionals="0" coveredconditionals="0" statements="0" coveredstatements="0" elements="0" coveredelements="0"/>
    </file>
    <metrics files="30" loc="2534" ncloc="1181" classes="15" methods="104" coveredmethods="103" conditionals="0" coveredconditionals="0" statements="321" coveredstatements="320" elements="425" coveredelements="423"/>
  </project>
</coverage>
